<?xml version="1.0" encoding="UTF-8"?>
<!-- Generated by org.testng.reporters.JUnitXMLReporter -->
<testsuite ignored="0" hostname="DESKTOP-A920OEJ" failures="0" tests="3" name="Test" time="26.917" errors="0" timestamp="2022-03-19T00:44:48 PDT">
  <testcase classname="AutomationPracticeWebsite.automationpracticewebsiteTest" name="women" time="3.968"/>
  <testcase classname="AutomationPracticeWebsite.automationpracticewebsiteTest" name="dress" time="12.878"/>
  <testcase classname="AutomationPracticeWebsite.automationpracticewebsiteTest" name="pricecheck" time="2.275"/>
</testsuite> <!-- Test -->
