<?xml version="1.0" encoding="UTF-8"?>
<testng-results ignored="0" total="3" passed="3" failed="0" skipped="0">
  <reporter-output>
  </reporter-output>
  <suite started-at="2022-03-15T21:49:11 PDT" name="Default suite" finished-at="2022-03-15T21:49:41 PDT" duration-ms="29234">
    <groups>
    </groups>
    <test started-at="2022-03-15T21:49:11 PDT" name="Default test" finished-at="2022-03-15T21:49:41 PDT" duration-ms="29234">
      <class name="AutomationPracticeWebsite.automationpracticewebsiteTest">
        <test-method is-config="true" signature="initialization()[pri:0, instance:AutomationPracticeWebsite.automationpracticewebsiteTest@6d763516]" started-at="2022-03-15T21:49:11 PDT" name="initialization" finished-at="2022-03-15T21:49:19 PDT" duration-ms="8136" status="PASS">
          <reporter-output>
          </reporter-output>
        </test-method> <!-- initialization -->
        <test-method signature="women()[pri:0, instance:AutomationPracticeWebsite.automationpracticewebsiteTest@6d763516]" started-at="2022-03-15T21:49:19 PDT" name="women" finished-at="2022-03-15T21:49:25 PDT" duration-ms="5393" status="PASS">
          <reporter-output>
          </reporter-output>
        </test-method> <!-- women -->
        <test-method signature="dress(org.testng.ITestContext)[pri:0, instance:AutomationPracticeWebsite.automationpracticewebsiteTest@6d763516]" started-at="2022-03-15T21:49:25 PDT" name="dress" finished-at="2022-03-15T21:49:38 PDT" depends-on-methods="AutomationPracticeWebsite.automationpracticewebsiteTest.women" duration-ms="13050" status="PASS">
          <params>
            <param index="0">
              <value>
                <![CDATA[org.testng.TestRunner@4c0884e8]]>
              </value>
            </param>
          </params>
          <reporter-output>
          </reporter-output>
        </test-method> <!-- dress -->
        <test-method signature="pricecheck(org.testng.ITestContext)[pri:0, instance:AutomationPracticeWebsite.automationpracticewebsiteTest@6d763516]" started-at="2022-03-15T21:49:38 PDT" name="pricecheck" finished-at="2022-03-15T21:49:40 PDT" depends-on-methods="AutomationPracticeWebsite.automationpracticewebsiteTest.dress" duration-ms="2495" status="PASS">
          <params>
            <param index="0">
              <value>
                <![CDATA[org.testng.TestRunner@4c0884e8]]>
              </value>
            </param>
          </params>
          <reporter-output>
          </reporter-output>
        </test-method> <!-- pricecheck -->
        <test-method is-config="true" signature="cleanup()[pri:0, instance:AutomationPracticeWebsite.automationpracticewebsiteTest@6d763516]" started-at="2022-03-15T21:49:40 PDT" name="cleanup" finished-at="2022-03-15T21:49:41 PDT" duration-ms="111" status="PASS">
          <reporter-output>
          </reporter-output>
        </test-method> <!-- cleanup -->
      </class> <!-- AutomationPracticeWebsite.automationpracticewebsiteTest -->
    </test> <!-- Default test -->
  </suite> <!-- Default suite -->
</testng-results>
