<?xml version="1.0" encoding="UTF-8"?>
<testng-results ignored="0" total="3" passed="3" failed="0" skipped="0">
  <reporter-output>
  </reporter-output>
  <suite started-at="2022-03-19T00:42:39 PDT" name="Default suite" finished-at="2022-03-19T00:43:05 PDT" duration-ms="25681">
    <groups>
    </groups>
    <test started-at="2022-03-19T00:42:39 PDT" name="Default test" finished-at="2022-03-19T00:43:05 PDT" duration-ms="25681">
      <class name="AutomationPracticeWebsite.automationpracticewebsiteTest">
        <test-method is-config="true" signature="Initialization()[pri:0, instance:AutomationPracticeWebsite.automationpracticewebsiteTest@6d763516]" started-at="2022-03-19T00:42:39 PDT" name="Initialization" finished-at="2022-03-19T00:42:47 PDT" duration-ms="7390" status="PASS">
          <reporter-output>
          </reporter-output>
        </test-method> <!-- Initialization -->
        <test-method signature="women()[pri:0, instance:AutomationPracticeWebsite.automationpracticewebsiteTest@6d763516]" started-at="2022-03-19T00:42:47 PDT" name="women" finished-at="2022-03-19T00:42:51 PDT" duration-ms="4043" status="PASS">
          <reporter-output>
          </reporter-output>
        </test-method> <!-- women -->
        <test-method signature="dress(org.testng.ITestContext)[pri:0, instance:AutomationPracticeWebsite.automationpracticewebsiteTest@6d763516]" started-at="2022-03-19T00:42:51 PDT" name="dress" finished-at="2022-03-19T00:43:02 PDT" depends-on-methods="AutomationPracticeWebsite.automationpracticewebsiteTest.women" duration-ms="11794" status="PASS">
          <params>
            <param index="0">
              <value>
                <![CDATA[org.testng.TestRunner@23ee75c5]]>
              </value>
            </param>
          </params>
          <reporter-output>
          </reporter-output>
        </test-method> <!-- dress -->
        <test-method signature="pricecheck(org.testng.ITestContext)[pri:0, instance:AutomationPracticeWebsite.automationpracticewebsiteTest@6d763516]" started-at="2022-03-19T00:43:02 PDT" name="pricecheck" finished-at="2022-03-19T00:43:05 PDT" depends-on-methods="AutomationPracticeWebsite.automationpracticewebsiteTest.dress" duration-ms="2281" status="PASS">
          <params>
            <param index="0">
              <value>
                <![CDATA[org.testng.TestRunner@23ee75c5]]>
              </value>
            </param>
          </params>
          <reporter-output>
          </reporter-output>
        </test-method> <!-- pricecheck -->
        <test-method is-config="true" signature="cleanup()[pri:0, instance:AutomationPracticeWebsite.automationpracticewebsiteTest@6d763516]" started-at="2022-03-19T00:43:05 PDT" name="cleanup" finished-at="2022-03-19T00:43:05 PDT" duration-ms="131" status="PASS">
          <reporter-output>
          </reporter-output>
        </test-method> <!-- cleanup -->
      </class> <!-- AutomationPracticeWebsite.automationpracticewebsiteTest -->
    </test> <!-- Default test -->
  </suite> <!-- Default suite -->
</testng-results>
