<?xml version="1.0" encoding="UTF-8"?>
<!-- Generated by org.testng.reporters.JUnitXMLReporter -->
<testsuite ignored="0" hostname="DESKTOP-A920OEJ" failures="0" tests="3" name="Default test" time="29.234" errors="0" timestamp="2022-03-15T21:49:41 PDT">
  <testcase classname="AutomationPracticeWebsite.automationpracticewebsiteTest" name="women" time="5.393"/>
  <testcase classname="AutomationPracticeWebsite.automationpracticewebsiteTest" name="dress" time="13.05"/>
  <testcase classname="AutomationPracticeWebsite.automationpracticewebsiteTest" name="pricecheck" time="2.495"/>
</testsuite> <!-- Default test -->
