<?xml version="1.0" encoding="UTF-8"?>
<!-- Generated by org.testng.reporters.JUnitXMLReporter -->
<testsuite ignored="0" hostname="DESKTOP-A920OEJ" failures="0" tests="3" name="Default test" time="25.681" errors="0" timestamp="2022-03-19T00:43:05 PDT">
  <testcase classname="AutomationPracticeWebsite.automationpracticewebsiteTest" name="women" time="4.043"/>
  <testcase classname="AutomationPracticeWebsite.automationpracticewebsiteTest" name="dress" time="11.794"/>
  <testcase classname="AutomationPracticeWebsite.automationpracticewebsiteTest" name="pricecheck" time="2.281"/>
</testsuite> <!-- Default test -->
