<?xml version="1.0" encoding="UTF-8"?>
<testng-results ignored="0" total="3" passed="3" failed="0" skipped="0">
  <reporter-output>
  </reporter-output>
  <suite started-at="2022-03-15T22:59:16 PDT" name="Surefire suite" finished-at="2022-03-15T22:59:47 PDT" duration-ms="30673">
    <groups>
    </groups>
    <test started-at="2022-03-15T22:59:16 PDT" name="Surefire test" finished-at="2022-03-15T22:59:47 PDT" duration-ms="30673">
      <class name="AutomationPracticeWebsite.automationpracticewebsiteTest">
        <test-method is-config="true" signature="initialization()[pri:0, instance:AutomationPracticeWebsite.automationpracticewebsiteTest@50a7bc6e]" started-at="2022-03-15T22:59:16 PDT" name="initialization" finished-at="2022-03-15T22:59:25 PDT" duration-ms="9112" status="PASS">
          <reporter-output>
          </reporter-output>
        </test-method> <!-- initialization -->
        <test-method signature="women()[pri:0, instance:AutomationPracticeWebsite.automationpracticewebsiteTest@50a7bc6e]" started-at="2022-03-15T22:59:25 PDT" name="women" finished-at="2022-03-15T22:59:30 PDT" duration-ms="4249" status="PASS">
          <reporter-output>
          </reporter-output>
        </test-method> <!-- women -->
        <test-method signature="dress(org.testng.ITestContext)[pri:0, instance:AutomationPracticeWebsite.automationpracticewebsiteTest@50a7bc6e]" started-at="2022-03-15T22:59:30 PDT" name="dress" finished-at="2022-03-15T22:59:42 PDT" depends-on-methods="AutomationPracticeWebsite.automationpracticewebsiteTest.women" duration-ms="12031" status="PASS">
          <params>
            <param index="0">
              <value>
                <![CDATA[org.testng.TestRunner@42f22995]]>
              </value>
            </param>
          </params>
          <reporter-output>
          </reporter-output>
        </test-method> <!-- dress -->
        <test-method signature="pricecheck(org.testng.ITestContext)[pri:0, instance:AutomationPracticeWebsite.automationpracticewebsiteTest@50a7bc6e]" started-at="2022-03-15T22:59:42 PDT" name="pricecheck" finished-at="2022-03-15T22:59:47 PDT" depends-on-methods="AutomationPracticeWebsite.automationpracticewebsiteTest.dress" duration-ms="5128" status="PASS">
          <params>
            <param index="0">
              <value>
                <![CDATA[org.testng.TestRunner@42f22995]]>
              </value>
            </param>
          </params>
          <reporter-output>
          </reporter-output>
        </test-method> <!-- pricecheck -->
        <test-method is-config="true" signature="cleanup()[pri:0, instance:AutomationPracticeWebsite.automationpracticewebsiteTest@50a7bc6e]" started-at="2022-03-15T22:59:47 PDT" name="cleanup" finished-at="2022-03-15T22:59:47 PDT" duration-ms="115" status="PASS">
          <reporter-output>
          </reporter-output>
        </test-method> <!-- cleanup -->
      </class> <!-- AutomationPracticeWebsite.automationpracticewebsiteTest -->
    </test> <!-- Surefire test -->
  </suite> <!-- Surefire suite -->
</testng-results>
