<?xml version="1.0" encoding="UTF-8"?>
<testsuite xmlns:xsi="http://www.w3.org/2001/XMLSchema-instance" xsi:noNamespaceSchemaLocation="https://maven.apache.org/surefire/maven-surefire-plugin/xsd/surefire-test-report.xsd" name="AutomationPracticeWebsite.automationpracticewebsiteTest" time="2.626" tests="5" errors="0" skipped="4" failures="1">
  <properties>
[...]
</properties>
  <testcase name="initialization" classname="AutomationPracticeWebsite.automationpracticewebsiteTest" time="2.337">
    <failure message="invalid argument&#10;  (Session info: chrome=99.0.4844.74)&#10;Build info: version: &apos;4.1.2&apos;, revision: &apos;9a5a329c5a&apos;&#10;System info: host: &apos;DESKTOP-A920OEJ&apos;, ip: &apos;192.168.1.145&apos;, os.name: &apos;Windows 10&apos;, os.arch: &apos;amd64&apos;, os.version: &apos;10.0&apos;, java.version: &apos;17.0.1&apos;&#10;Driver info: org.openqa.selenium.chrome.ChromeDriver&#10;Command: [f81ddb54691ff86530f7e539bd156c64, get {url=&quot;http://automationpractice.com/index.php&quot;}]&#10;Capabilities {acceptInsecureCerts: false, browserName: chrome, browserVersion: 99.0.4844.74, chrome: {chromedriverVersion: 99.0.4844.51 (d537ec02474b5..., userDataDir: C:\Users\muthu\AppData\Loca...}, goog:chromeOptions: {debuggerAddress: localhost:52233}, javascriptEnabled: true, networkConnectionEnabled: false, pageLoadStrategy: normal, platform: WINDOWS, platformName: WINDOWS, proxy: Proxy(), se:cdp: ws://localhost:52233/devtoo..., se:cdpVersion: 99.0.4844.74, setWindowRect: true, strictFileInteractability: false, timeouts: {implicit: 0, pageLoad: 300000, script: 30000}, unhandledPromptBehavior: dismiss and notify, webauthn:extension:credBlob: true, webauthn:extension:largeBlob: true, webauthn:virtualAuthenticators: true}&#10;Session ID: f81ddb54691ff86530f7e539bd156c64" type="org.openqa.selenium.InvalidArgumentException">org.openqa.selenium.InvalidArgumentException: 
invalid argument
  (Session info: chrome=99.0.4844.74)
Build info: version: '4.1.2', revision: '9a5a329c5a'
System info: host: 'DESKTOP-A920OEJ', ip: '192.168.1.145', os.name: 'Windows 10', os.arch: 'amd64', os.version: '10.0', java.version: '17.0.1'
Driver info: org.openqa.selenium.chrome.ChromeDriver
Command: [f81ddb54691ff86530f7e539bd156c64, get {url="http://automationpractice.com/index.php"}]
Capabilities {acceptInsecureCerts: false, browserName: chrome, browserVersion: 99.0.4844.74, chrome: {chromedriverVersion: 99.0.4844.51 (d537ec02474b5..., userDataDir: C:\Users\muthu\AppData\Loca...}, goog:chromeOptions: {debuggerAddress: localhost:52233}, javascriptEnabled: true, networkConnectionEnabled: false, pageLoadStrategy: normal, platform: WINDOWS, platformName: WINDOWS, proxy: Proxy(), se:cdp: ws://localhost:52233/devtoo..., se:cdpVersion: 99.0.4844.74, setWindowRect: true, strictFileInteractability: false, timeouts: {implicit: 0, pageLoad: 300000, script: 30000}, unhandledPromptBehavior: dismiss and notify, webauthn:extension:credBlob: true, webauthn:extension:largeBlob: true, webauthn:virtualAuthenticators: true}
Session ID: f81ddb54691ff86530f7e539bd156c64
	at AutomationPracticeWebsite.automationpracticewebsiteTest.initialization(automationpracticewebsiteTest.java:34)
</failure>
    <system-err><![CDATA[SLF4J: Failed to load class "org.slf4j.impl.StaticLoggerBinder".
SLF4J: Defaulting to no-operation (NOP) logger implementation
SLF4J: See http://www.slf4j.org/codes.html#StaticLoggerBinder for further details.
Starting ChromeDriver 99.0.4844.51 (d537ec02474b5afe23684e7963d538896c63ac77-refs/branch-heads/4844@{#875}) on port 56588
Only local connections are allowed.
Please see https://chromedriver.chromium.org/security-considerations for suggestions on keeping ChromeDriver safe.
ChromeDriver was started successfully.
Mar 18, 2022 11:54:46 PM org.openqa.selenium.remote.ProtocolHandshake createSession
INFO: Detected dialect: W3C
Mar 18, 2022 11:54:47 PM org.openqa.selenium.devtools.CdpVersionFinder findNearestMatch
WARNING: Unable to find an exact match for CDP version 99, so returning the closest version found: 97
Mar 18, 2022 11:54:47 PM org.openqa.selenium.devtools.CdpVersionFinder findNearestMatch
INFO: Found CDP implementation for version 99 of 97
]]></system-err>
  </testcase>
  <testcase name="women" classname="AutomationPracticeWebsite.automationpracticewebsiteTest" time="0">
    <skipped message="invalid argument&#10;  (Session info: chrome=99.0.4844.74)&#10;Build info: version: &apos;4.1.2&apos;, revision: &apos;9a5a329c5a&apos;&#10;System info: host: &apos;DESKTOP-A920OEJ&apos;, ip: &apos;192.168.1.145&apos;, os.name: &apos;Windows 10&apos;, os.arch: &apos;amd64&apos;, os.version: &apos;10.0&apos;, java.version: &apos;17.0.1&apos;&#10;Driver info: org.openqa.selenium.chrome.ChromeDriver&#10;Command: [f81ddb54691ff86530f7e539bd156c64, get {url=&quot;http://automationpractice.com/index.php&quot;}]&#10;Capabilities {acceptInsecureCerts: false, browserName: chrome, browserVersion: 99.0.4844.74, chrome: {chromedriverVersion: 99.0.4844.51 (d537ec02474b5..., userDataDir: C:\Users\muthu\AppData\Loca...}, goog:chromeOptions: {debuggerAddress: localhost:52233}, javascriptEnabled: true, networkConnectionEnabled: false, pageLoadStrategy: normal, platform: WINDOWS, platformName: WINDOWS, proxy: Proxy(), se:cdp: ws://localhost:52233/devtoo..., se:cdpVersion: 99.0.4844.74, setWindowRect: true, strictFileInteractability: false, timeouts: {implicit: 0, pageLoad: 300000, script: 30000}, unhandledPromptBehavior: dismiss and notify, webauthn:extension:credBlob: true, webauthn:extension:largeBlob: true, webauthn:virtualAuthenticators: true}&#10;Session ID: f81ddb54691ff86530f7e539bd156c64"/>
  </testcase>
  <testcase name="dress" classname="AutomationPracticeWebsite.automationpracticewebsiteTest" time="0">
    <skipped message="Method AutomationPracticeWebsite.automationpracticewebsiteTest.dress() on instance AutomationPracticeWebsite.automationpracticewebsiteTest@50a7bc6e depends on not successfully finished methods &#10;[AutomationPracticeWebsite.automationpracticewebsiteTest.women() on instance AutomationPracticeWebsite.automationpracticewebsiteTest@50a7bc6e]"/>
  </testcase>
  <testcase name="pricecheck" classname="AutomationPracticeWebsite.automationpracticewebsiteTest" time="0">
    <skipped message="Method AutomationPracticeWebsite.automationpracticewebsiteTest.pricecheck() on instance AutomationPracticeWebsite.automationpracticewebsiteTest@50a7bc6e depends on not successfully finished methods &#10;[AutomationPracticeWebsite.automationpracticewebsiteTest.dress() on instance AutomationPracticeWebsite.automationpracticewebsiteTest@50a7bc6e]"/>
  </testcase>
  <testcase name="cleanup" classname="AutomationPracticeWebsite.automationpracticewebsiteTest" time="0">
    <skipped/>
  </testcase>
</testsuite>