<?xml version="1.0" encoding="UTF-8"?>
<testng-results ignored="0" total="3" passed="3" failed="0" skipped="0">
  <reporter-output>
  </reporter-output>
  <suite started-at="2022-03-19T00:44:21 PDT" name="Suite" finished-at="2022-03-19T00:44:48 PDT" duration-ms="26917">
    <groups>
    </groups>
    <test started-at="2022-03-19T00:44:21 PDT" name="Test" finished-at="2022-03-19T00:44:48 PDT" duration-ms="26917">
      <class name="AutomationPracticeWebsite.automationpracticewebsiteTest">
        <test-method is-config="true" signature="Initialization()[pri:0, instance:AutomationPracticeWebsite.automationpracticewebsiteTest@78e117e3]" started-at="2022-03-19T00:44:21 PDT" name="Initialization" finished-at="2022-03-19T00:44:29 PDT" duration-ms="7598" status="PASS">
          <reporter-output>
          </reporter-output>
        </test-method> <!-- Initialization -->
        <test-method signature="women()[pri:0, instance:AutomationPracticeWebsite.automationpracticewebsiteTest@78e117e3]" started-at="2022-03-19T00:44:29 PDT" name="women" finished-at="2022-03-19T00:44:33 PDT" duration-ms="3968" status="PASS">
          <reporter-output>
          </reporter-output>
        </test-method> <!-- women -->
        <test-method signature="dress(org.testng.ITestContext)[pri:0, instance:AutomationPracticeWebsite.automationpracticewebsiteTest@78e117e3]" started-at="2022-03-19T00:44:33 PDT" name="dress" finished-at="2022-03-19T00:44:46 PDT" depends-on-methods="AutomationPracticeWebsite.automationpracticewebsiteTest.women" duration-ms="12878" status="PASS">
          <params>
            <param index="0">
              <value>
                <![CDATA[org.testng.TestRunner@5e840abf]]>
              </value>
            </param>
          </params>
          <reporter-output>
          </reporter-output>
        </test-method> <!-- dress -->
        <test-method signature="pricecheck(org.testng.ITestContext)[pri:0, instance:AutomationPracticeWebsite.automationpracticewebsiteTest@78e117e3]" started-at="2022-03-19T00:44:46 PDT" name="pricecheck" finished-at="2022-03-19T00:44:48 PDT" depends-on-methods="AutomationPracticeWebsite.automationpracticewebsiteTest.dress" duration-ms="2275" status="PASS">
          <params>
            <param index="0">
              <value>
                <![CDATA[org.testng.TestRunner@5e840abf]]>
              </value>
            </param>
          </params>
          <reporter-output>
          </reporter-output>
        </test-method> <!-- pricecheck -->
        <test-method is-config="true" signature="cleanup()[pri:0, instance:AutomationPracticeWebsite.automationpracticewebsiteTest@78e117e3]" started-at="2022-03-19T00:44:48 PDT" name="cleanup" finished-at="2022-03-19T00:44:48 PDT" duration-ms="154" status="PASS">
          <reporter-output>
          </reporter-output>
        </test-method> <!-- cleanup -->
      </class> <!-- AutomationPracticeWebsite.automationpracticewebsiteTest -->
    </test> <!-- Test -->
  </suite> <!-- Suite -->
</testng-results>
