<?xml version="1.0" encoding="UTF-8"?>
<testng-results ignored="0" total="7" passed="6" failed="1" skipped="0">
  <reporter-output>
  </reporter-output>
  <suite started-at="2022-03-12T20:27:23 PST" name="Suite" finished-at="2022-03-12T20:28:40 PST" duration-ms="76512">
    <groups>
    </groups>
    <test started-at="2022-03-12T20:27:23 PST" name="Test" finished-at="2022-03-12T20:28:40 PST" duration-ms="76512">
      <class name="com.test.MultiTest">
        <test-method is-config="true" signature="Initalization()[pri:0, instance:com.test.MultiTest@7ce3cb8e]" started-at="2022-03-12T20:28:01 PST" name="Initalization" finished-at="2022-03-12T20:28:09 PST" duration-ms="7903" status="PASS">
          <reporter-output>
          </reporter-output>
        </test-method> <!-- Initalization -->
        <test-method signature="SelectDropDown()[pri:0, instance:com.test.MultiTest@7ce3cb8e]" started-at="2022-03-12T20:28:09 PST" name="SelectDropDown" finished-at="2022-03-12T20:28:10 PST" duration-ms="977" status="PASS">
          <reporter-output>
          </reporter-output>
        </test-method> <!-- SelectDropDown -->
        <test-method signature="AdvanceDropDown()[pri:0, instance:com.test.MultiTest@7ce3cb8e]" started-at="2022-03-12T20:28:10 PST" name="AdvanceDropDown" finished-at="2022-03-12T20:28:12 PST" depends-on-methods="com.test.MultiTest.SelectDropDown" duration-ms="1365" status="PASS">
          <reporter-output>
          </reporter-output>
        </test-method> <!-- AdvanceDropDown -->
        <test-method is-config="true" signature="cleanup()[pri:0, instance:com.test.MultiTest@7ce3cb8e]" started-at="2022-03-12T20:28:12 PST" name="cleanup" finished-at="2022-03-12T20:28:16 PST" duration-ms="4132" status="PASS">
          <reporter-output>
          </reporter-output>
        </test-method> <!-- cleanup -->
      </class> <!-- com.test.MultiTest -->
      <class name="AutomationPracticeWebsite.automationpracticewebsiteTest">
        <test-method is-config="true" signature="initialization()[pri:0, instance:AutomationPracticeWebsite.automationpracticewebsiteTest@78b66d36]" started-at="2022-03-12T20:28:16 PST" name="initialization" finished-at="2022-03-12T20:28:22 PST" duration-ms="6409" status="PASS">
          <reporter-output>
          </reporter-output>
        </test-method> <!-- initialization -->
        <test-method signature="women()[pri:0, instance:AutomationPracticeWebsite.automationpracticewebsiteTest@78b66d36]" started-at="2022-03-12T20:28:22 PST" name="women" finished-at="2022-03-12T20:28:26 PST" duration-ms="3942" status="PASS">
          <reporter-output>
          </reporter-output>
        </test-method> <!-- women -->
        <test-method signature="dress(org.testng.ITestContext)[pri:0, instance:AutomationPracticeWebsite.automationpracticewebsiteTest@78b66d36]" started-at="2022-03-12T20:28:26 PST" name="dress" finished-at="2022-03-12T20:28:38 PST" depends-on-methods="AutomationPracticeWebsite.automationpracticewebsiteTest.women" duration-ms="11789" status="PASS">
          <params>
            <param index="0">
              <value>
                <![CDATA[org.testng.TestRunner@59e43e8c]]>
              </value>
            </param>
          </params>
          <reporter-output>
          </reporter-output>
        </test-method> <!-- dress -->
        <test-method signature="pricecheck(org.testng.ITestContext)[pri:0, instance:AutomationPracticeWebsite.automationpracticewebsiteTest@78b66d36]" started-at="2022-03-12T20:28:38 PST" name="pricecheck" finished-at="2022-03-12T20:28:40 PST" depends-on-methods="AutomationPracticeWebsite.automationpracticewebsiteTest.dress" duration-ms="2005" status="PASS">
          <params>
            <param index="0">
              <value>
                <![CDATA[org.testng.TestRunner@59e43e8c]]>
              </value>
            </param>
          </params>
          <reporter-output>
          </reporter-output>
        </test-method> <!-- pricecheck -->
        <test-method is-config="true" signature="cleanup()[pri:0, instance:AutomationPracticeWebsite.automationpracticewebsiteTest@78b66d36]" started-at="2022-03-12T20:28:40 PST" name="cleanup" finished-at="2022-03-12T20:28:40 PST" duration-ms="75" status="PASS">
          <reporter-output>
          </reporter-output>
        </test-method> <!-- cleanup -->
      </class> <!-- AutomationPracticeWebsite.automationpracticewebsiteTest -->
      <class name="com.test.MultiTest1">
        <test-method is-config="true" signature="initialization()[pri:0, instance:com.test.MultiTest1@149e0f5d]" started-at="2022-03-12T20:27:23 PST" name="initialization" finished-at="2022-03-12T20:27:23 PST" duration-ms="6" status="PASS">
          <reporter-output>
          </reporter-output>
        </test-method> <!-- initialization -->
        <test-method is-config="true" signature="openWebsite()[pri:0, instance:com.test.MultiTest1@149e0f5d]" started-at="2022-03-12T20:27:24 PST" name="openWebsite" finished-at="2022-03-12T20:27:31 PST" duration-ms="7379" status="PASS">
          <reporter-output>
          </reporter-output>
        </test-method> <!-- openWebsite -->
        <test-method signature="yatra()[pri:0, instance:com.test.MultiTest1@149e0f5d]" started-at="2022-03-12T20:27:31 PST" name="yatra" finished-at="2022-03-12T20:27:31 PST" duration-ms="186" status="PASS">
          <reporter-output>
          </reporter-output>
        </test-method> <!-- yatra -->
        <test-method is-config="true" signature="close()[pri:0, instance:com.test.MultiTest1@149e0f5d]" started-at="2022-03-12T20:27:31 PST" name="close" finished-at="2022-03-12T20:27:35 PST" duration-ms="4134" status="PASS">
          <reporter-output>
          </reporter-output>
        </test-method> <!-- close -->
        <test-method is-config="true" signature="openWebsite()[pri:0, instance:com.test.MultiTest1@149e0f5d]" started-at="2022-03-12T20:27:35 PST" name="openWebsite" finished-at="2022-03-12T20:27:40 PST" duration-ms="4402" status="PASS">
          <reporter-output>
          </reporter-output>
        </test-method> <!-- openWebsite -->
        <test-method signature="yatra1()[pri:0, instance:com.test.MultiTest1@149e0f5d]" started-at="2022-03-12T20:27:40 PST" name="yatra1" finished-at="2022-03-12T20:27:57 PST" duration-ms="17522" status="FAIL">
          <exception class="org.openqa.selenium.NoSuchElementException">
            <message>
              <![CDATA[no such element: Unable to locate element: {"method":"xpath","selector":"//button[text()='Start a new chat']"}
  (Session info: chrome=99.0.4844.51)
For documentation on this error, please visit: https://selenium.dev/exceptions/#no_such_element
Build info: version: '4.1.2', revision: '9a5a329c5a'
System info: host: 'DESKTOP-A920OEJ', ip: '192.168.1.145', os.name: 'Windows 10', os.arch: 'amd64', os.version: '10.0', java.version: '17.0.1'
Driver info: org.openqa.selenium.chrome.ChromeDriver
Command: [a33a57f39ca1fda339c0538fa59b98e6, findElement {using=xpath, value=//button[text()='Start a new chat']}]
Capabilities {acceptInsecureCerts: false, browserName: chrome, browserVersion: 99.0.4844.51, chrome: {chromedriverVersion: 99.0.4844.51 (d537ec02474b5..., userDataDir: C:\Users\muthu\AppData\Loca...}, goog:chromeOptions: {debuggerAddress: localhost:52769}, javascriptEnabled: true, networkConnectionEnabled: false, pageLoadStrategy: normal, platform: WINDOWS, platformName: WINDOWS, proxy: Proxy(), se:cdp: ws://localhost:52769/devtoo..., se:cdpVersion: 99.0.4844.51, setWindowRect: true, strictFileInteractability: false, timeouts: {implicit: 0, pageLoad: 300000, script: 30000}, unhandledPromptBehavior: dismiss and notify, webauthn:extension:credBlob: true, webauthn:extension:largeBlob: true, webauthn:virtualAuthenticators: true}
Session ID: a33a57f39ca1fda339c0538fa59b98e6]]>
            </message>
            <full-stacktrace>
              <![CDATA[org.openqa.selenium.NoSuchElementException: no such element: Unable to locate element: {"method":"xpath","selector":"//button[text()='Start a new chat']"}
  (Session info: chrome=99.0.4844.51)
For documentation on this error, please visit: https://selenium.dev/exceptions/#no_such_element
Build info: version: '4.1.2', revision: '9a5a329c5a'
System info: host: 'DESKTOP-A920OEJ', ip: '192.168.1.145', os.name: 'Windows 10', os.arch: 'amd64', os.version: '10.0', java.version: '17.0.1'
Driver info: org.openqa.selenium.chrome.ChromeDriver
Command: [a33a57f39ca1fda339c0538fa59b98e6, findElement {using=xpath, value=//button[text()='Start a new chat']}]
Capabilities {acceptInsecureCerts: false, browserName: chrome, browserVersion: 99.0.4844.51, chrome: {chromedriverVersion: 99.0.4844.51 (d537ec02474b5..., userDataDir: C:\Users\muthu\AppData\Loca...}, goog:chromeOptions: {debuggerAddress: localhost:52769}, javascriptEnabled: true, networkConnectionEnabled: false, pageLoadStrategy: normal, platform: WINDOWS, platformName: WINDOWS, proxy: Proxy(), se:cdp: ws://localhost:52769/devtoo..., se:cdpVersion: 99.0.4844.51, setWindowRect: true, strictFileInteractability: false, timeouts: {implicit: 0, pageLoad: 300000, script: 30000}, unhandledPromptBehavior: dismiss and notify, webauthn:extension:credBlob: true, webauthn:extension:largeBlob: true, webauthn:virtualAuthenticators: true}
Session ID: a33a57f39ca1fda339c0538fa59b98e6
at java.base/jdk.internal.reflect.NativeConstructorAccessorImpl.newInstance0(Native Method)
at java.base/jdk.internal.reflect.NativeConstructorAccessorImpl.newInstance(NativeConstructorAccessorImpl.java:77)
at java.base/jdk.internal.reflect.DelegatingConstructorAccessorImpl.newInstance(DelegatingConstructorAccessorImpl.java:45)
at java.base/java.lang.reflect.Constructor.newInstanceWithCaller(Constructor.java:499)
at java.base/java.lang.reflect.Constructor.newInstance(Constructor.java:480)
at org.openqa.selenium.remote.codec.w3c.W3CHttpResponseCodec.createException(W3CHttpResponseCodec.java:200)
at org.openqa.selenium.remote.codec.w3c.W3CHttpResponseCodec.decode(W3CHttpResponseCodec.java:133)
at org.openqa.selenium.remote.codec.w3c.W3CHttpResponseCodec.decode(W3CHttpResponseCodec.java:53)
at org.openqa.selenium.remote.HttpCommandExecutor.execute(HttpCommandExecutor.java:184)
at org.openqa.selenium.remote.service.DriverCommandExecutor.invokeExecute(DriverCommandExecutor.java:167)
at org.openqa.selenium.remote.service.DriverCommandExecutor.execute(DriverCommandExecutor.java:142)
at org.openqa.selenium.remote.RemoteWebDriver.execute(RemoteWebDriver.java:558)
at org.openqa.selenium.remote.ElementLocation$ElementFinder$2.findElement(ElementLocation.java:162)
at org.openqa.selenium.remote.ElementLocation.findElement(ElementLocation.java:60)
at org.openqa.selenium.remote.RemoteWebDriver.findElement(RemoteWebDriver.java:382)
at org.openqa.selenium.remote.RemoteWebDriver.findElement(RemoteWebDriver.java:374)
at com.test.MultiTest1.yatra1(MultiTest1.java:83)
at java.base/jdk.internal.reflect.NativeMethodAccessorImpl.invoke0(Native Method)
at java.base/jdk.internal.reflect.NativeMethodAccessorImpl.invoke(NativeMethodAccessorImpl.java:77)
at java.base/jdk.internal.reflect.DelegatingMethodAccessorImpl.invoke(DelegatingMethodAccessorImpl.java:43)
at java.base/java.lang.reflect.Method.invoke(Method.java:568)
at org.testng.internal.invokers.MethodInvocationHelper.invokeMethod(MethodInvocationHelper.java:135)
at org.testng.internal.invokers.TestInvoker.invokeMethod(TestInvoker.java:673)
at org.testng.internal.invokers.TestInvoker.invokeTestMethod(TestInvoker.java:220)
at org.testng.internal.invokers.MethodRunner.runInSequence(MethodRunner.java:50)
at org.testng.internal.invokers.TestInvoker$MethodInvocationAgent.invoke(TestInvoker.java:945)
at org.testng.internal.invokers.TestInvoker.invokeTestMethods(TestInvoker.java:193)
at org.testng.internal.invokers.TestMethodWorker.invokeTestMethods(TestMethodWorker.java:146)
at org.testng.internal.invokers.TestMethodWorker.run(TestMethodWorker.java:128)
at java.base/java.util.ArrayList.forEach(ArrayList.java:1511)
at org.testng.TestRunner.privateRun(TestRunner.java:808)
at org.testng.TestRunner.run(TestRunner.java:603)
at org.testng.SuiteRunner.runTest(SuiteRunner.java:429)
at org.testng.SuiteRunner.runSequentially(SuiteRunner.java:423)
at org.testng.SuiteRunner.privateRun(SuiteRunner.java:383)
at org.testng.SuiteRunner.run(SuiteRunner.java:326)
at org.testng.SuiteRunnerWorker.runSuite(SuiteRunnerWorker.java:52)
at org.testng.SuiteRunnerWorker.run(SuiteRunnerWorker.java:95)
at org.testng.TestNG.runSuitesSequentially(TestNG.java:1249)
at org.testng.TestNG.runSuitesLocally(TestNG.java:1169)
at org.testng.TestNG.runSuites(TestNG.java:1092)
at org.testng.TestNG.run(TestNG.java:1060)
at org.apache.maven.surefire.testng.TestNGExecutor.run(TestNGExecutor.java:283)
at org.apache.maven.surefire.testng.TestNGXmlTestSuite.execute(TestNGXmlTestSuite.java:75)
at org.apache.maven.surefire.testng.TestNGProvider.invoke(TestNGProvider.java:120)
at org.apache.maven.surefire.booter.ForkedBooter.invokeProviderInSameClassLoader(ForkedBooter.java:384)
at org.apache.maven.surefire.booter.ForkedBooter.runSuitesInProcess(ForkedBooter.java:345)
at org.apache.maven.surefire.booter.ForkedBooter.execute(ForkedBooter.java:126)
at org.apache.maven.surefire.booter.ForkedBooter.main(ForkedBooter.java:418)
]]>
            </full-stacktrace>
          </exception> <!-- org.openqa.selenium.NoSuchElementException -->
          <reporter-output>
          </reporter-output>
        </test-method> <!-- yatra1 -->
        <test-method is-config="true" signature="close()[pri:0, instance:com.test.MultiTest1@149e0f5d]" started-at="2022-03-12T20:27:57 PST" name="close" finished-at="2022-03-12T20:28:01 PST" duration-ms="4110" status="PASS">
          <reporter-output>
          </reporter-output>
        </test-method> <!-- close -->
        <test-method is-config="true" signature="quit()[pri:0, instance:com.test.MultiTest1@149e0f5d]" started-at="2022-03-12T20:28:01 PST" name="quit" finished-at="2022-03-12T20:28:01 PST" duration-ms="141" status="PASS">
          <reporter-output>
          </reporter-output>
        </test-method> <!-- quit -->
      </class> <!-- com.test.MultiTest1 -->
    </test> <!-- Test -->
  </suite> <!-- Suite -->
</testng-results>
