<?xml version="1.0" encoding="UTF-8"?>
<!-- Generated by org.testng.reporters.JUnitXMLReporter -->
<testsuite ignored="0" hostname="DESKTOP-A920OEJ" failures="0" tests="3" name="Surefire test" time="30.673" errors="0" timestamp="2022-03-15T22:59:47 PDT">
  <testcase classname="AutomationPracticeWebsite.automationpracticewebsiteTest" name="women" time="4.249"/>
  <testcase classname="AutomationPracticeWebsite.automationpracticewebsiteTest" name="dress" time="12.031"/>
  <testcase classname="AutomationPracticeWebsite.automationpracticewebsiteTest" name="pricecheck" time="5.128"/>
</testsuite> <!-- Surefire test -->
