<?xml version="1.0" encoding="UTF-8"?>
<!-- Generated by org.testng.reporters.JUnitXMLReporter -->
<testsuite ignored="0" hostname="DESKTOP-A920OEJ" failures="0" tests="7" name="Test" time="79.129" errors="0" timestamp="2022-03-12T20:27:10 PST">
  <testcase classname="com.test.MultiTest1" name="yatra" time="0.166"/>
  <testcase classname="com.test.MultiTest1" name="yatra1" time="17.75"/>
  <testcase classname="com.test.MultiTest" name="SelectDropDown" time="0.945"/>
  <testcase classname="com.test.MultiTest" name="AdvanceDropDown" time="1.271"/>
  <testcase classname="AutomationPracticeWebsite.automationpracticewebsiteTest" name="women" time="3.952"/>
  <testcase classname="AutomationPracticeWebsite.automationpracticewebsiteTest" name="dress" time="11.879"/>
  <testcase classname="AutomationPracticeWebsite.automationpracticewebsiteTest" name="pricecheck" time="1.91"/>
</testsuite> <!-- Test -->
